<?xml version="1.0" encoding="UTF-8"?>
<!-- Generated by org.testng.reporters.JUnitReportReporter -->
<testsuite ignored="1" hostname="DESKTOP-35HBDVU" failures="0" tests="2" name="com.app.testng.TestOne" time="0.008" errors="0" timestamp="19 Jul 2025 06:11:23 GMT" skipped="0">
  <testcase classname="com.app.testng.TestOne" name="test1" time="0.007"/>
  <testcase classname="com.app.testng.TestOne" name="test3" time="0.001"/>
  <testcase classname="com.app.testng.TestOne" name="test2">
    <skipped/>
  </testcase> <!-- test2 -->
</testsuite> <!-- com.app.testng.TestOne -->
