<?xml version="1.0" encoding="UTF-8"?>
<!-- Generated by org.testng.reporters.JUnitReportReporter -->
<testsuite ignored="0" hostname="DESKTOP-35HBDVU" failures="0" tests="3" name="com.app.testng.Parallel_method" time="0.019" errors="0" timestamp="19 Jul 2025 07:23:26 GMT" skipped="0">
  <testcase classname="com.app.testng.Parallel_method" name="test1" time="0.007"/>
  <testcase classname="com.app.testng.Parallel_method" name="test3" time="0.006"/>
  <testcase classname="com.app.testng.Parallel_method" name="test2" time="0.006"/>
</testsuite> <!-- com.app.testng.Parallel_method -->
