<?xml version="1.0" encoding="UTF-8"?>
<!-- Generated by org.testng.reporters.JUnitReportReporter -->
<testsuite ignored="0" hostname="DESKTOP-35HBDVU" failures="0" tests="3" name="com.app.testng.Priority_Test" time="0.009" errors="0" timestamp="19 Jul 2025 05:58:06 GMT" skipped="0">
  <testcase classname="com.app.testng.Priority_Test" name="pass" time="0.001"/>
  <testcase classname="com.app.testng.Priority_Test" name="user" time="0.001"/>
  <testcase classname="com.app.testng.Priority_Test" name="login" time="0.007"/>
</testsuite> <!-- com.app.testng.Priority_Test -->
