<?xml version="1.0" encoding="UTF-8"?>
<!-- Generated by org.testng.reporters.JUnitReportReporter -->
<testsuite ignored="3" hostname="DESKTOP-35HBDVU" failures="0" tests="2" name="com.app.testng.Test_Group1" time="0.001" errors="0" timestamp="19 Jul 2025 06:38:43 GMT" skipped="0">
  <testcase classname="com.app.testng.Test_Group1" name="test1" time="0.001"/>
  <testcase classname="com.app.testng.Test_Group1" name="test3" time="0.000"/>
  <testcase classname="com.app.testng.Test_Group1" name="test2">
    <skipped/>
  </testcase> <!-- test2 -->
  <testcase classname="com.app.testng.Test_Group2" name="test4">
    <skipped/>
  </testcase> <!-- test4 -->
  <testcase classname="com.app.testng.Test_Group2" name="test6">
    <skipped/>
  </testcase> <!-- test6 -->
</testsuite> <!-- com.app.testng.Test_Group1 -->
