<?xml version="1.0" encoding="UTF-8"?>
<!-- Generated by org.testng.reporters.JUnitReportReporter -->
<testsuite ignored="0" hostname="DESKTOP-35HBDVU" failures="0" tests="1" name="com.app.testng.Annotations" time="0.004" errors="0" timestamp="19 Jul 2025 05:51:07 GMT" skipped="0">
  <testcase classname="com.app.testng.Annotations" name="test1" time="0.004"/>
</testsuite> <!-- com.app.testng.Annotations -->
