<?xml version="1.0" encoding="UTF-8"?>
<!-- Generated by org.testng.reporters.JUnitReportReporter -->
<testsuite ignored="0" hostname="DESKTOP-35HBDVU" failures="0" tests="3" name="com.app.testng.TestTwo" time="0.004" errors="0" timestamp="19 Jul 2025 06:04:11 GMT" skipped="0">
  <testcase classname="com.app.testng.TestTwo" name="test4" time="0.002"/>
  <testcase classname="com.app.testng.TestTwo" name="test5" time="0.001"/>
  <testcase classname="com.app.testng.TestTwo" name="test6" time="0.001"/>
</testsuite> <!-- com.app.testng.TestTwo -->
