<?xml version="1.0" encoding="UTF-8"?>
<!-- Generated by org.testng.reporters.JUnitReportReporter -->
<testsuite ignored="0" hostname="DESKTOP-35HBDVU" failures="0" tests="3" name="com.app.testng.Parallel_Class1" time="0.013" errors="0" timestamp="19 Jul 2025 07:33:25 GMT" skipped="0">
  <testcase classname="com.app.testng.Parallel_Class1" name="test1" time="0.009"/>
  <testcase classname="com.app.testng.Parallel_Class1" name="test2" time="0.002"/>
  <testcase classname="com.app.testng.Parallel_Class1" name="test3" time="0.002"/>
</testsuite> <!-- com.app.testng.Parallel_Class1 -->
